<?xml version="1.0" encoding="UTF-8"?>
<!-- Generated by org.testng.reporters.JUnitXMLReporter -->
<testsuite hostname="FTD-NB-SRIKANTH" ignored="0" name="Default test" tests="3" failures="0" timestamp="30 Oct 2018 17:05:28 GMT" time="76.037" errors="0">
  <testcase name="validateRegisterForm" time="1.719" classname="com.automation.qa.testcases.DemoTest"/>
  <testcase name="validateRegisterForm" time="1.721" classname="com.automation.qa.testcases.DemoTest"/>
  <testcase name="validateRegisterForm" time="1.82" classname="com.automation.qa.testcases.DemoTest"/>
</testsuite> <!-- Default test -->
